[Licensing::Module] Trying to connect to existing licensing client channel...
Built from '6000.2/staging' branch; Version is '6000.2.9f1 (e0c4e791ab71) revision 14730471'; Using compiler version '194234433'; Build Type 'Release'
[Licensing::IpcConnector] Successfully connected to: "LicenseClient-Randall" at "2025-12-02T16:27:39.5381553Z"
OS: 'Windows 11  (10.0.26200) 64bit Core' Language: 'en' Physical Memory: 32620 MB
BatchMode: 1, IsHumanControllingUs: 0, StartBugReporterOnCrash: 0, Is64bit: 1
Date: 2025-12-02T16:27:39Z

COMMAND LINE ARGUMENTS:
C:\Program Files\Unity\Hub\Editor\6000.2.9f1\Editor\Unity.exe
-adb2
-batchMode
-noUpm
-name
AssetImportWorker0
-projectPath
C:/Users/Randall/Downloads/CDJ-Stealth-Game
-logFile
Logs/AssetImportWorker0.log
-srvPort
53345
-licensingIpc
LicenseClient-Randall
-job-worker-count
7
-background-job-worker-count
8
-gc-helper-count
1
-name
AssetImport
Successfully changed project path to: C:/Users/Randall/Downloads/CDJ-Stealth-Game
C:/Users/Randall/Downloads/CDJ-Stealth-Game
[UnityMemory] Configuration Parameters - Can be set up in boot.config
    "memorysetup-allocator-temp-initial-block-size-main=262144"
    "memorysetup-allocator-temp-initial-block-size-worker=262144"
    "memorysetup-bucket-allocator-granularity=16"
    "memorysetup-bucket-allocator-bucket-count=8"
    "memorysetup-bucket-allocator-block-size=33554432"
    "memorysetup-bucket-allocator-block-count=8"
    "memorysetup-main-allocator-block-size=16777216"
    "memorysetup-thread-allocator-block-size=16777216"
    "memorysetup-gfx-main-allocator-block-size=16777216"
    "memorysetup-gfx-thread-allocator-block-size=16777216"
    "memorysetup-cache-allocator-block-size=4194304"
    "memorysetup-typetree-allocator-block-size=2097152"
    "memorysetup-profiler-bucket-allocator-granularity=16"
    "memorysetup-profiler-bucket-allocator-bucket-count=8"
    "memorysetup-profiler-bucket-allocator-block-size=33554432"
    "memorysetup-profiler-bucket-allocator-block-count=8"
    "memorysetup-profiler-allocator-block-size=16777216"
    "memorysetup-profiler-editor-allocator-block-size=1048576"
    "memorysetup-temp-allocator-size-main=16777216"
    "memorysetup-job-temp-allocator-block-size=2097152"
    "memorysetup-job-temp-allocator-block-size-background=1048576"
    "memorysetup-job-temp-allocator-reduction-small-platforms=262144"
    "memorysetup-temp-allocator-size-background-worker=32768"
    "memorysetup-temp-allocator-size-job-worker=262144"
    "memorysetup-temp-allocator-size-preload-manager=33554432"
    "memorysetup-temp-allocator-size-nav-mesh-worker=65536"
    "memorysetup-temp-allocator-size-audio-worker=65536"
    "memorysetup-temp-allocator-size-cloud-worker=32768"
    "memorysetup-temp-allocator-size-gi-baking-worker=262144"
    "memorysetup-temp-allocator-size-gi-baking-worker=262144"
    "memorysetup-temp-allocator-size-gi-baking-worker=262144"
    "memorysetup-temp-allocator-size-gi-baking-worker=262144"
    "memorysetup-temp-allocator-size-gi-baking-worker=262144"
    "memorysetup-temp-allocator-size-gfx=262144"
Player connection [20696]  Target information:

Player connection [20696]  * "[IP] 192.168.50.154 [Port] 0 [Flags] 2 [Guid] 2713977601 [EditorId] 2713977601 [Version] 1048832 [Id] WindowsEditor(7,DESKTOP-H0K90E6) [Debug] 1 [PackageName] WindowsEditor [ProjectName] Editor" 

Player connection [20696] Host joined multi-casting on [225.0.0.222:54997]...
Player connection [20696] Host joined alternative multi-casting on [225.0.0.222:34997]...
JobSystem: Creating JobQueue using job-worker-count value 7
Input System module state changed to: Initialized.
[Physics::Module] Initialized fallback backend.
[Physics::Module] Id: 0xdecafbad
[Licensing::Client] Code 10 while verifying Licensing Client signature (process Id: 23108, path: "C:/Program Files/Unity Hub/UnityLicensingClient_V1/Unity.Licensing.Client.exe")
[Licensing::Module] LicensingClient has failed validation; ignoring
[Licensing::Client] Handshaking with LicensingClient:
  Version:                 1.17.3+a4e98f1
  Session Id:              d54ef9a22bd244d2b5329fe2c64cafa0
  Correlation Id:          d111acb619a5d267ce4267d8ad3745d3
  External correlation Id: 5106057096836018580
  Machine Id:              BE6NTVbDBnL5dwRMjpb0xWoPckg=
[Licensing::Module] Successfully connected to LicensingClient on channel: "LicenseClient-Randall" (connect: 0.00s, validation: 0.00s, handshake: 0.08s)
[Licensing::IpcConnector] Successfully connected to: "LicenseClient-Randall-notifications" at "2025-12-02T16:27:39.6228365Z"
[Licensing::Module] Licensing Background thread has ended after 0.09s
Library Redirect Path: Library/
[Physics::Module] Selected backend.
[Physics::Module] Name: PhysX
[Physics::Module] Id: 0xf2b8ea05
[Physics::Module] SDK Version: 4.1.2
[Physics::Module] Integration Version: 1.0.0
[Physics::Module] Threading Mode: Multi-Threaded
Refreshing native plugins compatible for Editor in 4.10 ms, found 3 plugins.
Preloading 0 native plugins for Editor in 0.00 ms.
Initialize engine version: 6000.2.9f1 (e0c4e791ab71)
[Subsystems] Discovering subsystems at path C:/Program Files/Unity/Hub/Editor/6000.2.9f1/Editor/Data/Resources/UnitySubsystems
[Subsystems] Discovering subsystems at path C:/Users/Randall/Downloads/CDJ-Stealth-Game/Assets
GfxDevice: creating device client; kGfxThreadingModeNonThreaded
Direct3D:
    Version:  Direct3D 11.0 [level 11.1]
    Renderer: NVIDIA GeForce RTX 3050 Laptop GPU (ID=0x25e2)
    Vendor:   NVIDIA
    VRAM:     3977 MB
    Driver:   31.0.15.4630
Initialize mono
Mono path[0] = 'C:/Program Files/Unity/Hub/Editor/6000.2.9f1/Editor/Data/Managed'
Mono path[1] = 'C:/Program Files/Unity/Hub/Editor/6000.2.9f1/Editor/Data/MonoBleedingEdge/lib/mono/unityjit-win32'
Mono config path = 'C:/Program Files/Unity/Hub/Editor/6000.2.9f1/Editor/Data/MonoBleedingEdge/etc'
Using monoOptions --debugger-agent=transport=dt_socket,embedding=1,server=y,suspend=n,address=127.0.0.1:56280
Begin MonoManager ReloadAssembly
Registering precompiled unity dll's ...
Register platform support module: C:/Program Files/Unity/Hub/Editor/6000.2.9f1/Editor/Data/PlaybackEngines/WindowsStandaloneSupport/UnityEditor.WindowsStandalone.Extensions.dll
Registered in 0.005137 seconds.
- Loaded All Assemblies, in  0.783 seconds
Native extension for WindowsStandalone target not found
Mono: successfully reloaded assembly
- Finished resetting the current domain, in  0.694 seconds
Domain Reload Profiling: 1469ms
	BeginReloadAssembly (267ms)
		ExecutionOrderSort (0ms)
		DisableScriptedObjects (0ms)
		BackupInstance (0ms)
		ReleaseScriptingObjects (0ms)
		CreateAndSetChildDomain (1ms)
	RebuildCommonClasses (75ms)
	RebuildNativeTypeToScriptingClass (22ms)
	initialDomainReloadingComplete (103ms)
	LoadAllAssembliesAndSetupDomain (307ms)
		LoadAssemblies (258ms)
		RebuildTransferFunctionScriptingTraits (0ms)
		AnalyzeDomain (302ms)
			TypeCache.Refresh (299ms)
				TypeCache.ScanAssembly (278ms)
			BuildScriptInfoCaches (0ms)
			ResolveRequiredComponents (1ms)
	FinalizeReload (695ms)
		ReleaseScriptCaches (0ms)
		RebuildScriptCaches (0ms)
		SetupLoadedEditorAssemblies (605ms)
			LogAssemblyErrors (0ms)
			InitializePlatformSupportModulesInManaged (103ms)
			SetLoadedEditorAssemblies (6ms)
			BeforeProcessingInitializeOnLoad (127ms)
			ProcessInitializeOnLoadAttributes (246ms)
			ProcessInitializeOnLoadMethodAttributes (123ms)
			AfterProcessingInitializeOnLoad (0ms)
			EditorAssembliesLoaded (0ms)
		ExecutionOrderSort2 (0ms)
		AwakeInstancesAfterBackupRestoration (0ms)
Assembly reference Packages/com.unity.cinemachine/Editor/Samples/ExposeHDRPInternals/HDRP-Editor-ref.asmref has no target assembly definition
========================================================================
Worker process is ready to serve import requests
Import Worker Mode flag is 0x00
Assembly reference Packages/com.unity.cinemachine/Editor/Samples/ExposeHDRPInternals/HDRP-Editor-ref.asmref has no target assembly definition
Assembly reference Packages/com.unity.cinemachine/Editor/Samples/ExposeHDRPInternals/HDRP-Editor-ref.asmref has no target assembly definition
Begin MonoManager ReloadAssembly
[Licensing::Client] Successfully resolved entitlement details
[Licensing::Module] License group:
  Id: 2475875104104-UnityPersXXXX
  Product: Unity Personal
  Type: Assigned
  Expiration: Unlimited
- Loaded All Assemblies, in  1.525 seconds
Assembly reference Packages/com.unity.cinemachine/Editor/Samples/ExposeHDRPInternals/HDRP-Editor-ref.asmref has no target assembly definition
'Packages/com.unity.cinemachine/Editor/Obsolete/CinemachineVirtualCameraBaseEditor.cs' contains partial class of Unity.Object, exactly 1 of the partial classes needs to be in a file with the same filename. This is to know the one that can be referenced from ie. GameObjects
'Packages/com.unity.cinemachine/Editor/Editors/CinemachineVirtualCameraBaseEditor.cs' contains partial class of Unity.Object, exactly 1 of the partial classes needs to be in a file with the same filename. This is to know the one that can be referenced from ie. GameObjects
Refreshing native plugins compatible for Editor in 1.95 ms, found 3 plugins.
Native extension for WindowsStandalone target not found
Assembly reference Packages/com.unity.cinemachine/Editor/Samples/ExposeHDRPInternals/HDRP-Editor-ref.asmref has no target assembly definition
Package Manager log level set to [2]
[Package Manager] Failed to launch server process. Reason: Unity was launched with the -noUpm command-line argument
[Package Manager] Unable to send message (not connected to server process).
[Package Manager] Cannot connect to Unity Package Manager local server
[Package Manager] Failed to launch server process. Reason: Unity was launched with the -noUpm command-line argument
[Package Manager] Unable to send message (not connected to server process).
[Package Manager] Cannot connect to Unity Package Manager local server
Mono: successfully reloaded assembly
- Finished resetting the current domain, in  1.578 seconds
Domain Reload Profiling: 3088ms
	BeginReloadAssembly (346ms)
		ExecutionOrderSort (0ms)
		DisableScriptedObjects (12ms)
		BackupInstance (0ms)
		ReleaseScriptingObjects (0ms)
		CreateAndSetChildDomain (51ms)
	RebuildCommonClasses (70ms)
	RebuildNativeTypeToScriptingClass (21ms)
	initialDomainReloadingComplete (89ms)
	LoadAllAssembliesAndSetupDomain (983ms)
		LoadAssemblies (690ms)
		RebuildTransferFunctionScriptingTraits (0ms)
		AnalyzeDomain (488ms)
			TypeCache.Refresh (358ms)
				TypeCache.ScanAssembly (335ms)
			BuildScriptInfoCaches (101ms)
			ResolveRequiredComponents (25ms)
	FinalizeReload (1579ms)
		ReleaseScriptCaches (0ms)
		RebuildScriptCaches (0ms)
		SetupLoadedEditorAssemblies (1193ms)
			LogAssemblyErrors (0ms)
			InitializePlatformSupportModulesInManaged (3ms)
			SetLoadedEditorAssemblies (6ms)
			BeforeProcessingInitializeOnLoad (268ms)
			ProcessInitializeOnLoadAttributes (799ms)
			ProcessInitializeOnLoadMethodAttributes (100ms)
			AfterProcessingInitializeOnLoad (16ms)
			EditorAssembliesLoaded (0ms)
		ExecutionOrderSort2 (0ms)
		AwakeInstancesAfterBackupRestoration (13ms)
Launched and connected shader compiler UnityShaderCompiler.exe after 0.02 seconds
Refreshing native plugins compatible for Editor in 2.24 ms, found 3 plugins.
Preloading 0 native plugins for Editor in 0.00 ms.
Unloading 26 Unused Serialized files (Serialized files now loaded: 0)
Unloading 6684 unused Assets / (7.2 MB). Loaded Objects now: 7376.
Memory consumption went from 142.2 MB to 135.0 MB.
Total: 15.793800 ms (FindLiveObjects: 1.017200 ms CreateObjectMapping: 1.347700 ms MarkObjects: 9.042400 ms  DeleteObjects: 4.384100 ms)

========================================================================
Received Import Request.
  Time since last request: 2031.076184 seconds.
  path: Assets/_3DStealthGame/Scenes/Main.unity
  artifactKey: Guid(b45388a04bfe7ff44bf521832bceffb2) Importer(815301076,1909f56bfc062723c751e8b465ee728b)
Start importing Assets/_3DStealthGame/Scenes/Main.unity using Guid(b45388a04bfe7ff44bf521832bceffb2) Importer(815301076,1909f56bfc062723c751e8b465ee728b) (PreviewImporter) -> (artifact id: 'f084113a9cf92242acea433e366626fc') in 0.0076633 seconds
Number of updated asset objects reloaded before import = 0Number of asset objects unloaded after import = 0

========================================================================
Received Import Request.
  Time since last request: 943.209255 seconds.
  path: Assets/_3DStealthGame/Scripts/Alecko-HighContrast.otf
  artifactKey: Guid(f7cf3c9e0865e634c9ab15b6c8da161c) Importer(815301076,1909f56bfc062723c751e8b465ee728b)
Start importing Assets/_3DStealthGame/Scripts/Alecko-HighContrast.otf using Guid(f7cf3c9e0865e634c9ab15b6c8da161c) Importer(815301076,1909f56bfc062723c751e8b465ee728b) (PreviewImporter) -> (artifact id: '60f9126ce54493c2d4cb00dd224977e5') in 0.9456421 seconds
Number of updated asset objects reloaded before import = 0Number of asset objects unloaded after import = 4

========================================================================
Received Import Request.
  Time since last request: 21.940160 seconds.
  path: Assets/_3DStealthGame/Scripts/Timer Script.cs
  artifactKey: Guid(2442de95f41a7b149a2ce9465e864d46) Importer(2089858483,192608db42251d675da83286b1cce702)
Start importing Assets/_3DStealthGame/Scripts/Timer Script.cs using Guid(2442de95f41a7b149a2ce9465e864d46) Importer(2089858483,192608db42251d675da83286b1cce702) (ScriptedImporter) -> (artifact id: 'ef7e634d8c02f4a53e003d868b11cdac') in 0.3048159 seconds
Number of updated asset objects reloaded before import = 0Number of asset objects unloaded after import = 0

========================================================================
Received Import Request.
  Time since last request: 0.000074 seconds.
  path: Assets/_3DStealthGame/Scripts/Alecko-HighContrast.otf
  artifactKey: Guid(f7cf3c9e0865e634c9ab15b6c8da161c) Importer(2089858483,192608db42251d675da83286b1cce702)
Start importing Assets/_3DStealthGame/Scripts/Alecko-HighContrast.otf using Guid(f7cf3c9e0865e634c9ab15b6c8da161c) Importer(2089858483,192608db42251d675da83286b1cce702) (ScriptedImporter) -> (artifact id: 'b06a2e713f6f7712771d798e098db7f6') in 0.0651241 seconds
Number of updated asset objects reloaded before import = 0Number of asset objects unloaded after import = 3

========================================================================
Received Import Request.
  Time since last request: 30.597876 seconds.
  path: Assets/_3DStealthGame/UI
  artifactKey: Guid(0a577336d2bc0af40b8da8e070123449) Importer(815301076,1909f56bfc062723c751e8b465ee728b)
Start importing Assets/_3DStealthGame/UI using Guid(0a577336d2bc0af40b8da8e070123449) Importer(815301076,1909f56bfc062723c751e8b465ee728b) (PreviewImporter) -> (artifact id: '48c3ca9723647a0f46d73e31d0132494') in 0.001258 seconds
Number of updated asset objects reloaded before import = 0Number of asset objects unloaded after import = 0

========================================================================
Received Import Request.
  Time since last request: 1.800031 seconds.
  path: Assets/_3DStealthGame/UI/Alecko-HighContrast.otf
  artifactKey: Guid(f7cf3c9e0865e634c9ab15b6c8da161c) Importer(2089858483,192608db42251d675da83286b1cce702)
Start importing Assets/_3DStealthGame/UI/Alecko-HighContrast.otf using Guid(f7cf3c9e0865e634c9ab15b6c8da161c) Importer(2089858483,192608db42251d675da83286b1cce702) (ScriptedImporter) -> (artifact id: 'b8c7da1ddee20dfa72cce6867d61769b') in 0.0131511 seconds
Number of updated asset objects reloaded before import = 0Number of asset objects unloaded after import = 3

========================================================================
Received Import Request.
  Time since last request: 476.552387 seconds.
  path: Assets/_3DStealthGame/Art/Fonts/EmilysCandy-Regular.ttf
  artifactKey: Guid(2d9c0d4979dd8429ab703b61e939a451) Importer(815301076,1909f56bfc062723c751e8b465ee728b)
Start importing Assets/_3DStealthGame/Art/Fonts/EmilysCandy-Regular.ttf using Guid(2d9c0d4979dd8429ab703b61e939a451) Importer(815301076,1909f56bfc062723c751e8b465ee728b) (PreviewImporter) -> (artifact id: '19f8d46feeb23fd8136f2db880a626ca') in 0.0353489 seconds
Number of updated asset objects reloaded before import = 0Number of asset objects unloaded after import = 4

========================================================================
Received Import Request.
  Time since last request: 0.000040 seconds.
  path: Assets/_3DStealthGame/Art/Fonts/Underdog-Regular.ttf
  artifactKey: Guid(631c4d05de2994134bae4af150a31b9f) Importer(815301076,1909f56bfc062723c751e8b465ee728b)
Start importing Assets/_3DStealthGame/Art/Fonts/Underdog-Regular.ttf using Guid(631c4d05de2994134bae4af150a31b9f) Importer(815301076,1909f56bfc062723c751e8b465ee728b) (PreviewImporter) -> (artifact id: '38dc03a735d1d4937f4fc92408817e86') in 0.0219947 seconds
Number of updated asset objects reloaded before import = 0Number of asset objects unloaded after import = 4

========================================================================
Received Import Request.
  Time since last request: 0.000053 seconds.
  path: Assets/_3DStealthGame/Settings/UI Toolkit/UnityThemes/UnityDefaultRuntimeTheme.tss
  artifactKey: Guid(886dbccf34af0d445acfc65b244e34a4) Importer(815301076,1909f56bfc062723c751e8b465ee728b)
Start importing Assets/_3DStealthGame/Settings/UI Toolkit/UnityThemes/UnityDefaultRuntimeTheme.tss using Guid(886dbccf34af0d445acfc65b244e34a4) Importer(815301076,1909f56bfc062723c751e8b465ee728b) (PreviewImporter) -> (artifact id: '6e3471e2446c7246add704966475915e') in 0.1899382 seconds
Number of updated asset objects reloaded before import = 0Number of asset objects unloaded after import = 29

========================================================================
Received Import Request.
  Time since last request: 178.511052 seconds.
  path: Assets/_3DStealthGame/Scenes/Main.unity
  artifactKey: Guid(b45388a04bfe7ff44bf521832bceffb2) Importer(815301076,1909f56bfc062723c751e8b465ee728b)
Start importing Assets/_3DStealthGame/Scenes/Main.unity using Guid(b45388a04bfe7ff44bf521832bceffb2) Importer(815301076,1909f56bfc062723c751e8b465ee728b) (PreviewImporter) -> (artifact id: '6f27dde3616a7ecd57705e2cc3b819ee') in 0.0011589 seconds
Number of updated asset objects reloaded before import = 0Number of asset objects unloaded after import = 0

========================================================================
Received Import Request.
  Time since last request: 0.157129 seconds.
  path: Assets/_3DStealthGame/Scenes/Main.unity
  artifactKey: Guid(b45388a04bfe7ff44bf521832bceffb2) Importer(2089858483,192608db42251d675da83286b1cce702)
Start importing Assets/_3DStealthGame/Scenes/Main.unity using Guid(b45388a04bfe7ff44bf521832bceffb2) Importer(2089858483,192608db42251d675da83286b1cce702) (ScriptedImporter) -> (artifact id: '840074ef1849263a1356c414c43df9d1') in 0.0140618 seconds
Number of updated asset objects reloaded before import = 0Number of asset objects unloaded after import = 1

========================================================================
Received Import Request.
  Time since last request: 4.551921 seconds.
  path: Assets/_3DStealthGame/Scenes
  artifactKey: Guid(3dfa738335038be4a8141903ddecc20e) Importer(815301076,1909f56bfc062723c751e8b465ee728b)
Start importing Assets/_3DStealthGame/Scenes using Guid(3dfa738335038be4a8141903ddecc20e) Importer(815301076,1909f56bfc062723c751e8b465ee728b) (PreviewImporter) -> (artifact id: '6be7066ff11191fcc13502d1237daae5') in 0.0019492 seconds
Number of updated asset objects reloaded before import = 0Number of asset objects unloaded after import = 0

========================================================================
Received Import Request.
  Time since last request: 375.462841 seconds.
  path: Assets/_3DStealthGame/UI/Roboto/static/Roboto-LightItalic.ttf
  artifactKey: Guid(f681e12c97934db468e6152a6a6f6025) Importer(2089858483,192608db42251d675da83286b1cce702)
Start importing Assets/_3DStealthGame/UI/Roboto/static/Roboto-LightItalic.ttf using Guid(f681e12c97934db468e6152a6a6f6025) Importer(2089858483,192608db42251d675da83286b1cce702) (ScriptedImporter) -> (artifact id: '5d0d08b88748589834442f8215c8435b') in 0.2885674 seconds
Number of updated asset objects reloaded before import = 0Number of asset objects unloaded after import = 3

========================================================================
Received Import Request.
  Time since last request: 0.000061 seconds.
  path: Assets/_3DStealthGame/UI/Roboto/static/Roboto_Condensed-LightItalic.ttf
  artifactKey: Guid(2ea5034907713424aafc8175a33868de) Importer(2089858483,192608db42251d675da83286b1cce702)
Start importing Assets/_3DStealthGame/UI/Roboto/static/Roboto_Condensed-LightItalic.ttf using Guid(2ea5034907713424aafc8175a33868de) Importer(2089858483,192608db42251d675da83286b1cce702) (ScriptedImporter) -> (artifact id: '2203f70fc90b74be9f12de062eb6a2f7') in 0.0325821 seconds
Number of updated asset objects reloaded before import = 0Number of asset objects unloaded after import = 3

========================================================================
Received Import Request.
  Time since last request: 0.000057 seconds.
  path: Assets/_3DStealthGame/UI/Roboto/static/Roboto-Light.ttf
  artifactKey: Guid(6640990df5825af45aeb026f0ab545f1) Importer(2089858483,192608db42251d675da83286b1cce702)
Start importing Assets/_3DStealthGame/UI/Roboto/static/Roboto-Light.ttf using Guid(6640990df5825af45aeb026f0ab545f1) Importer(2089858483,192608db42251d675da83286b1cce702) (ScriptedImporter) -> (artifact id: '97b24fac3c1c74851463d976743e65e1') in 0.0193956 seconds
Number of updated asset objects reloaded before import = 0Number of asset objects unloaded after import = 3

========================================================================
Received Import Request.
  Time since last request: 0.000044 seconds.
  path: Assets/_3DStealthGame/UI/Roboto/static/Roboto_SemiCondensed-Regular.ttf
  artifactKey: Guid(1e2e18402d110a843829d3af89a6f742) Importer(2089858483,192608db42251d675da83286b1cce702)
Start importing Assets/_3DStealthGame/UI/Roboto/static/Roboto_SemiCondensed-Regular.ttf using Guid(1e2e18402d110a843829d3af89a6f742) Importer(2089858483,192608db42251d675da83286b1cce702) (ScriptedImporter) -> (artifact id: 'e11d264d85d2d70e257cbc992ec5ceb6') in 0.0197205 seconds
Number of updated asset objects reloaded before import = 0Number of asset objects unloaded after import = 3

========================================================================
Received Import Request.
  Time since last request: 0.000046 seconds.
  path: Assets/_3DStealthGame/UI/Roboto/static/Roboto-Italic.ttf
  artifactKey: Guid(0a321902f581e584db5d156c2acf3487) Importer(2089858483,192608db42251d675da83286b1cce702)
Start importing Assets/_3DStealthGame/UI/Roboto/static/Roboto-Italic.ttf using Guid(0a321902f581e584db5d156c2acf3487) Importer(2089858483,192608db42251d675da83286b1cce702) (ScriptedImporter) -> (artifact id: '71d111160e43e2d07d0d4f0c81b9afe7') in 0.0162879 seconds
Number of updated asset objects reloaded before import = 0Number of asset objects unloaded after import = 3

========================================================================
Received Import Request.
  Time since last request: 0.000064 seconds.
  path: Assets/_3DStealthGame/UI/Roboto/Roboto-VariableFont_wdth,wght.ttf
  artifactKey: Guid(412cbc93b9fa2db4d87e8854d714082e) Importer(2089858483,192608db42251d675da83286b1cce702)
Start importing Assets/_3DStealthGame/UI/Roboto/Roboto-VariableFont_wdth,wght.ttf using Guid(412cbc93b9fa2db4d87e8854d714082e) Importer(2089858483,192608db42251d675da83286b1cce702) (ScriptedImporter) -> (artifact id: '0d93775628305b09760c38d5e17834fd') in 0.019228 seconds
Number of updated asset objects reloaded before import = 0Number of asset objects unloaded after import = 3

========================================================================
Received Import Request.
  Time since last request: 0.000048 seconds.
  path: Assets/_3DStealthGame/UI/Roboto/static/Roboto_Condensed-Thin.ttf
  artifactKey: Guid(f23ba3a8b16921946a733fbfaca40f50) Importer(2089858483,192608db42251d675da83286b1cce702)
Start importing Assets/_3DStealthGame/UI/Roboto/static/Roboto_Condensed-Thin.ttf using Guid(f23ba3a8b16921946a733fbfaca40f50) Importer(2089858483,192608db42251d675da83286b1cce702) (ScriptedImporter) -> (artifact id: 'be295a3a11630a0ddfb5c1e62e508fed') in 0.0206054 seconds
Number of updated asset objects reloaded before import = 0Number of asset objects unloaded after import = 3

========================================================================
Received Import Request.
  Time since last request: 0.000040 seconds.
  path: Assets/_3DStealthGame/UI/Roboto/static/Roboto_SemiCondensed-Bold.ttf
  artifactKey: Guid(115da6296f720304481578e22c6308ee) Importer(2089858483,192608db42251d675da83286b1cce702)
Start importing Assets/_3DStealthGame/UI/Roboto/static/Roboto_SemiCondensed-Bold.ttf using Guid(115da6296f720304481578e22c6308ee) Importer(2089858483,192608db42251d675da83286b1cce702) (ScriptedImporter) -> (artifact id: 'a5d206ab1ceeee464b691f809a278772') in 0.020041 seconds
Number of updated asset objects reloaded before import = 0Number of asset objects unloaded after import = 3

========================================================================
Received Import Request.
  Time since last request: 0.000071 seconds.
  path: Assets/_3DStealthGame/UI/Roboto/Roboto-Italic-VariableFont_wdth,wght.ttf
  artifactKey: Guid(ff8c0f825b27a50439e986d368a66782) Importer(2089858483,192608db42251d675da83286b1cce702)
Start importing Assets/_3DStealthGame/UI/Roboto/Roboto-Italic-VariableFont_wdth,wght.ttf using Guid(ff8c0f825b27a50439e986d368a66782) Importer(2089858483,192608db42251d675da83286b1cce702) (ScriptedImporter) -> (artifact id: 'ef55797cd3a401f46a7a7aa11eb74a85') in 0.0219868 seconds
Number of updated asset objects reloaded before import = 0Number of asset objects unloaded after import = 3

========================================================================
Received Import Request.
  Time since last request: 0.000045 seconds.
  path: Assets/_3DStealthGame/UI/Roboto/static/Roboto_Condensed-Bold.ttf
  artifactKey: Guid(277d2013b0643fe429ef50b0b79d656b) Importer(2089858483,192608db42251d675da83286b1cce702)
Start importing Assets/_3DStealthGame/UI/Roboto/static/Roboto_Condensed-Bold.ttf using Guid(277d2013b0643fe429ef50b0b79d656b) Importer(2089858483,192608db42251d675da83286b1cce702) (ScriptedImporter) -> (artifact id: '6d732ccdde406c27eb9d321bf211b21c') in 0.0212407 seconds
Number of updated asset objects reloaded before import = 0Number of asset objects unloaded after import = 3

========================================================================
Received Import Request.
  Time since last request: 0.000056 seconds.
  path: Assets/_3DStealthGame/UI/Roboto/static/Roboto_Condensed-Medium.ttf
  artifactKey: Guid(7c2416164dc867b489e55ed2a472fa28) Importer(2089858483,192608db42251d675da83286b1cce702)
Start importing Assets/_3DStealthGame/UI/Roboto/static/Roboto_Condensed-Medium.ttf using Guid(7c2416164dc867b489e55ed2a472fa28) Importer(2089858483,192608db42251d675da83286b1cce702) (ScriptedImporter) -> (artifact id: 'd860225ad8e7a51c1848a234a98edac1') in 0.024471 seconds
Number of updated asset objects reloaded before import = 0Number of asset objects unloaded after import = 3

========================================================================
Received Import Request.
  Time since last request: 0.000071 seconds.
  path: Assets/_3DStealthGame/UI/Roboto/static/Roboto_SemiCondensed-Light.ttf
  artifactKey: Guid(9c2bbb02dd6dd6c499c3ce4af903c8b4) Importer(2089858483,192608db42251d675da83286b1cce702)
Start importing Assets/_3DStealthGame/UI/Roboto/static/Roboto_SemiCondensed-Light.ttf using Guid(9c2bbb02dd6dd6c499c3ce4af903c8b4) Importer(2089858483,192608db42251d675da83286b1cce702) (ScriptedImporter) -> (artifact id: 'f7845c04cdc0024f8a219d966848deae') in 0.0222465 seconds
Number of updated asset objects reloaded before import = 0Number of asset objects unloaded after import = 3

========================================================================
Received Import Request.
  Time since last request: 0.000049 seconds.
  path: Assets/_3DStealthGame/UI/Roboto/static/Roboto-Thin.ttf
  artifactKey: Guid(1503bdfd1fffea248826de32cb075979) Importer(2089858483,192608db42251d675da83286b1cce702)
Start importing Assets/_3DStealthGame/UI/Roboto/static/Roboto-Thin.ttf using Guid(1503bdfd1fffea248826de32cb075979) Importer(2089858483,192608db42251d675da83286b1cce702) (ScriptedImporter) -> (artifact id: '383dd3a20117441e03ad5d6cc0a1494a') in 0.0469221 seconds
Number of updated asset objects reloaded before import = 0Number of asset objects unloaded after import = 3

========================================================================
Received Import Request.
  Time since last request: 0.000051 seconds.
  path: Assets/_3DStealthGame/UI/Roboto/static
  artifactKey: Guid(0bb78d6ecd4a2d84f98a23b49d95595b) Importer(2089858483,192608db42251d675da83286b1cce702)
Start importing Assets/_3DStealthGame/UI/Roboto/static using Guid(0bb78d6ecd4a2d84f98a23b49d95595b) Importer(2089858483,192608db42251d675da83286b1cce702) (ScriptedImporter) -> (artifact id: 'a6f12ad53fe60d2b96e953430d3fafd3') in 0.0080511 seconds
Number of updated asset objects reloaded before import = 0Number of asset objects unloaded after import = 1

========================================================================
Received Import Request.
  Time since last request: 0.000063 seconds.
  path: Assets/_3DStealthGame/UI/Roboto/static/Roboto-ExtraLightItalic.ttf
  artifactKey: Guid(7f9445f8155293a4a8d40e5a2d1a2b34) Importer(2089858483,192608db42251d675da83286b1cce702)
Start importing Assets/_3DStealthGame/UI/Roboto/static/Roboto-ExtraLightItalic.ttf using Guid(7f9445f8155293a4a8d40e5a2d1a2b34) Importer(2089858483,192608db42251d675da83286b1cce702) (ScriptedImporter) -> (artifact id: 'f3922f8989af4bf8b69ba28235ac1f16') in 0.0205261 seconds
Number of updated asset objects reloaded before import = 0Number of asset objects unloaded after import = 3

========================================================================
Received Import Request.
  Time since last request: 0.000052 seconds.
  path: Assets/_3DStealthGame/UI/Roboto/static/Roboto_SemiCondensed-BoldItalic.ttf
  artifactKey: Guid(4fec3120952cb174a935f747e7f8e93a) Importer(2089858483,192608db42251d675da83286b1cce702)
Start importing Assets/_3DStealthGame/UI/Roboto/static/Roboto_SemiCondensed-BoldItalic.ttf using Guid(4fec3120952cb174a935f747e7f8e93a) Importer(2089858483,192608db42251d675da83286b1cce702) (ScriptedImporter) -> (artifact id: 'f8be213c69338ed134865a176d374725') in 0.0214651 seconds
Number of updated asset objects reloaded before import = 0Number of asset objects unloaded after import = 3

========================================================================
Received Import Request.
  Time since last request: 0.000050 seconds.
  path: Assets/_3DStealthGame/UI/Roboto/static/Roboto_SemiCondensed-Black.ttf
  artifactKey: Guid(8b5c464e1c851184aad0d3979b71dc11) Importer(2089858483,192608db42251d675da83286b1cce702)
Start importing Assets/_3DStealthGame/UI/Roboto/static/Roboto_SemiCondensed-Black.ttf using Guid(8b5c464e1c851184aad0d3979b71dc11) Importer(2089858483,192608db42251d675da83286b1cce702) (ScriptedImporter) -> (artifact id: 'b2600a29426dfad697d096c9c19d024b') in 0.0199773 seconds
Number of updated asset objects reloaded before import = 0Number of asset objects unloaded after import = 3

========================================================================
Received Import Request.
  Time since last request: 0.000072 seconds.
  path: Assets/_3DStealthGame/UI/Roboto/static/Roboto-ExtraBold.ttf
  artifactKey: Guid(cfbca937d04df6c48b50a4ad0a204155) Importer(2089858483,192608db42251d675da83286b1cce702)
Start importing Assets/_3DStealthGame/UI/Roboto/static/Roboto-ExtraBold.ttf using Guid(cfbca937d04df6c48b50a4ad0a204155) Importer(2089858483,192608db42251d675da83286b1cce702) (ScriptedImporter) -> (artifact id: 'e85344f37601ab9ee4c4017c4ad2726b') in 0.0219294 seconds
Number of updated asset objects reloaded before import = 0Number of asset objects unloaded after import = 3

========================================================================
Received Import Request.
  Time since last request: 0.000049 seconds.
  path: Assets/_3DStealthGame/UI/Roboto/static/Roboto_Condensed-ThinItalic.ttf
  artifactKey: Guid(5d0be6017baee4a468e8d639d7669a4b) Importer(2089858483,192608db42251d675da83286b1cce702)
Start importing Assets/_3DStealthGame/UI/Roboto/static/Roboto_Condensed-ThinItalic.ttf using Guid(5d0be6017baee4a468e8d639d7669a4b) Importer(2089858483,192608db42251d675da83286b1cce702) (ScriptedImporter) -> (artifact id: '6b231d8cfc9942b8ac2b0708f3987172') in 0.0218533 seconds
Number of updated asset objects reloaded before import = 0Number of asset objects unloaded after import = 3

========================================================================
Received Import Request.
  Time since last request: 0.000053 seconds.
  path: Assets/_3DStealthGame/UI/Roboto
  artifactKey: Guid(eff7810b8080db74e8917145505b66bb) Importer(2089858483,192608db42251d675da83286b1cce702)
Start importing Assets/_3DStealthGame/UI/Roboto using Guid(eff7810b8080db74e8917145505b66bb) Importer(2089858483,192608db42251d675da83286b1cce702) (ScriptedImporter) -> (artifact id: '4037e63a11555b309dfa2c76b9a74b05') in 0.0095721 seconds
Number of updated asset objects reloaded before import = 0Number of asset objects unloaded after import = 1

========================================================================
Received Import Request.
  Time since last request: 0.000064 seconds.
  path: Assets/_3DStealthGame/UI/Roboto/static/Roboto_SemiCondensed-Thin.ttf
  artifactKey: Guid(1ef7ff6323524e84aab0d0c12c5606f0) Importer(2089858483,192608db42251d675da83286b1cce702)
Start importing Assets/_3DStealthGame/UI/Roboto/static/Roboto_SemiCondensed-Thin.ttf using Guid(1ef7ff6323524e84aab0d0c12c5606f0) Importer(2089858483,192608db42251d675da83286b1cce702) (ScriptedImporter) -> (artifact id: '369eec233cc112ef4df58c3c2fdfc737') in 0.0233027 seconds
Number of updated asset objects reloaded before import = 0Number of asset objects unloaded after import = 3

========================================================================
Received Import Request.
  Time since last request: 0.000048 seconds.
  path: Assets/_3DStealthGame/UI/Roboto/static/Roboto_Condensed-ExtraBold.ttf
  artifactKey: Guid(3e11f2c841dc07041bd57011b5fe7560) Importer(2089858483,192608db42251d675da83286b1cce702)
Start importing Assets/_3DStealthGame/UI/Roboto/static/Roboto_Condensed-ExtraBold.ttf using Guid(3e11f2c841dc07041bd57011b5fe7560) Importer(2089858483,192608db42251d675da83286b1cce702) (ScriptedImporter) -> (artifact id: '6c3792129549fecd35a3212835b7f45a') in 0.0209729 seconds
Number of updated asset objects reloaded before import = 0Number of asset objects unloaded after import = 3

========================================================================
Received Import Request.
  Time since last request: 0.000049 seconds.
  path: Assets/_3DStealthGame/UI/Roboto/static/Roboto_Condensed-Regular.ttf
  artifactKey: Guid(3243d9d049e9fba42abd0d7f56db9127) Importer(2089858483,192608db42251d675da83286b1cce702)
Start importing Assets/_3DStealthGame/UI/Roboto/static/Roboto_Condensed-Regular.ttf using Guid(3243d9d049e9fba42abd0d7f56db9127) Importer(2089858483,192608db42251d675da83286b1cce702) (ScriptedImporter) -> (artifact id: '29ddd86c0c24366b3990b69c3bdd4d47') in 0.0179954 seconds
Number of updated asset objects reloaded before import = 0Number of asset objects unloaded after import = 3

========================================================================
Received Import Request.
  Time since last request: 0.000064 seconds.
  path: Assets/_3DStealthGame/UI/Roboto/static/Roboto-SemiBoldItalic.ttf
  artifactKey: Guid(364cb40cd545dc0468e5c4048eea4b4c) Importer(2089858483,192608db42251d675da83286b1cce702)
Start importing Assets/_3DStealthGame/UI/Roboto/static/Roboto-SemiBoldItalic.ttf using Guid(364cb40cd545dc0468e5c4048eea4b4c) Importer(2089858483,192608db42251d675da83286b1cce702) (ScriptedImporter) -> (artifact id: '2fdfa9a499a69cdaf38f9e55a1ba7c7a') in 0.0212046 seconds
Number of updated asset objects reloaded before import = 0Number of asset objects unloaded after import = 3

========================================================================
Received Import Request.
  Time since last request: 0.000045 seconds.
  path: Assets/_3DStealthGame/UI/Roboto/static/Roboto-ExtraBoldItalic.ttf
  artifactKey: Guid(cb305456bff1cb741b59137dbe753a03) Importer(2089858483,192608db42251d675da83286b1cce702)
Start importing Assets/_3DStealthGame/UI/Roboto/static/Roboto-ExtraBoldItalic.ttf using Guid(cb305456bff1cb741b59137dbe753a03) Importer(2089858483,192608db42251d675da83286b1cce702) (ScriptedImporter) -> (artifact id: 'fbb304f510abd9f1687476e8cb884def') in 0.0195833 seconds
Number of updated asset objects reloaded before import = 0Number of asset objects unloaded after import = 3

========================================================================
Received Import Request.
  Time since last request: 0.000055 seconds.
  path: Assets/_3DStealthGame/UI/Roboto/static/Roboto_Condensed-Italic.ttf
  artifactKey: Guid(3505c6cbbc4888e43a5e6fc18287883f) Importer(2089858483,192608db42251d675da83286b1cce702)
Start importing Assets/_3DStealthGame/UI/Roboto/static/Roboto_Condensed-Italic.ttf using Guid(3505c6cbbc4888e43a5e6fc18287883f) Importer(2089858483,192608db42251d675da83286b1cce702) (ScriptedImporter) -> (artifact id: 'd17ed4b941d3907cde92781d5c716e2f') in 0.0204566 seconds
Number of updated asset objects reloaded before import = 0Number of asset objects unloaded after import = 3

========================================================================
Received Import Request.
  Time since last request: 0.000062 seconds.
  path: Assets/_3DStealthGame/UI/Roboto/static/Roboto-BlackItalic.ttf
  artifactKey: Guid(6843204b1608ec34ca43f441c622e5b5) Importer(2089858483,192608db42251d675da83286b1cce702)
Start importing Assets/_3DStealthGame/UI/Roboto/static/Roboto-BlackItalic.ttf using Guid(6843204b1608ec34ca43f441c622e5b5) Importer(2089858483,192608db42251d675da83286b1cce702) (ScriptedImporter) -> (artifact id: '47a5b7dad0d2d599500402db824e22c6') in 0.0482023 seconds
Number of updated asset objects reloaded before import = 0Number of asset objects unloaded after import = 3

========================================================================
Received Import Request.
  Time since last request: 0.000047 seconds.
  path: Assets/_3DStealthGame/UI/Roboto/README.txt
  artifactKey: Guid(961a52f5a3b10f443b4a961175042dd6) Importer(2089858483,192608db42251d675da83286b1cce702)
Start importing Assets/_3DStealthGame/UI/Roboto/README.txt using Guid(961a52f5a3b10f443b4a961175042dd6) Importer(2089858483,192608db42251d675da83286b1cce702) (ScriptedImporter) -> (artifact id: 'ef413d3eaf7423901cc93067b0b97f62') in 0.0093836 seconds
Number of updated asset objects reloaded before import = 0Number of asset objects unloaded after import = 1

========================================================================
Received Import Request.
  Time since last request: 0.000049 seconds.
  path: Assets/_3DStealthGame/UI/Roboto/static/Roboto_Condensed-BoldItalic.ttf
  artifactKey: Guid(36e545557ad54ab4ebfcf74a327b4873) Importer(2089858483,192608db42251d675da83286b1cce702)
Start importing Assets/_3DStealthGame/UI/Roboto/static/Roboto_Condensed-BoldItalic.ttf using Guid(36e545557ad54ab4ebfcf74a327b4873) Importer(2089858483,192608db42251d675da83286b1cce702) (ScriptedImporter) -> (artifact id: '519ac67af2f7a9d560088d6997ba26a9') in 0.0204883 seconds
Number of updated asset objects reloaded before import = 0Number of asset objects unloaded after import = 3

========================================================================
Received Import Request.
  Time since last request: 0.000085 seconds.
  path: Assets/_3DStealthGame/UI/Roboto/static/Roboto_SemiCondensed-Italic.ttf
  artifactKey: Guid(1f07bc589b460f54aa89e2bdc404dc5a) Importer(2089858483,192608db42251d675da83286b1cce702)
Start importing Assets/_3DStealthGame/UI/Roboto/static/Roboto_SemiCondensed-Italic.ttf using Guid(1f07bc589b460f54aa89e2bdc404dc5a) Importer(2089858483,192608db42251d675da83286b1cce702) (ScriptedImporter) -> (artifact id: '323ba12dbbfc2d98cc4e170c7dca37ca') in 0.0166166 seconds
Number of updated asset objects reloaded before import = 0Number of asset objects unloaded after import = 3

========================================================================
Received Prepare
'Packages/com.unity.cinemachine/Editor/Obsolete/CinemachineVirtualCameraBaseEditor.cs' contains partial class of Unity.Object, exactly 1 of the partial classes needs to be in a file with the same filename. This is to know the one that can be referenced from ie. GameObjects
'Packages/com.unity.cinemachine/Editor/Editors/CinemachineVirtualCameraBaseEditor.cs' contains partial class of Unity.Object, exactly 1 of the partial classes needs to be in a file with the same filename. This is to know the one that can be referenced from ie. GameObjects
Refreshing native plugins compatible for Editor in 2.56 ms, found 3 plugins.
Preloading 0 native plugins for Editor in 0.00 ms.
Unloading 26 Unused Serialized files (Serialized files now loaded: 0)
Unloading 6676 unused Assets / (6.9 MB). Loaded Objects now: 7580.
Memory consumption went from 148.8 MB to 141.8 MB.
Total: 41.674300 ms (FindLiveObjects: 2.058000 ms CreateObjectMapping: 1.790700 ms MarkObjects: 32.188500 ms  DeleteObjects: 5.634900 ms)

Prepare: number of updated asset objects reloaded= 0
========================================================================
Received Prepare
Assembly reference Packages/com.unity.cinemachine/Editor/Samples/ExposeHDRPInternals/HDRP-Editor-ref.asmref has no target assembly definition
Assembly reference Packages/com.unity.cinemachine/Editor/Samples/ExposeHDRPInternals/HDRP-Editor-ref.asmref has no target assembly definition
Begin MonoManager ReloadAssembly
[Licensing::Client] Successfully resolved entitlement details
- Loaded All Assemblies, in  2.313 seconds
Assembly reference Packages/com.unity.cinemachine/Editor/Samples/ExposeHDRPInternals/HDRP-Editor-ref.asmref has no target assembly definition
'Packages/com.unity.cinemachine/Editor/Obsolete/CinemachineVirtualCameraBaseEditor.cs' contains partial class of Unity.Object, exactly 1 of the partial classes needs to be in a file with the same filename. This is to know the one that can be referenced from ie. GameObjects
'Packages/com.unity.cinemachine/Editor/Editors/CinemachineVirtualCameraBaseEditor.cs' contains partial class of Unity.Object, exactly 1 of the partial classes needs to be in a file with the same filename. This is to know the one that can be referenced from ie. GameObjects
Refreshing native plugins compatible for Editor in 2.95 ms, found 3 plugins.
Native extension for WindowsStandalone target not found
Assembly reference Packages/com.unity.cinemachine/Editor/Samples/ExposeHDRPInternals/HDRP-Editor-ref.asmref has no target assembly definition
[Package Manager] Failed to launch server process. Reason: Unity was launched with the -noUpm command-line argument
[Package Manager] Unable to send message (not connected to server process).
[Package Manager] Cannot connect to Unity Package Manager local server
[Package Manager] Failed to launch server process. Reason: Unity was launched with the -noUpm command-line argument
[Package Manager] Unable to send message (not connected to server process).
[Package Manager] Cannot connect to Unity Package Manager local server
Mono: successfully reloaded assembly
- Finished resetting the current domain, in  1.907 seconds
Domain Reload Profiling: 4204ms
	BeginReloadAssembly (699ms)
		ExecutionOrderSort (0ms)
		DisableScriptedObjects (64ms)
		BackupInstance (0ms)
		ReleaseScriptingObjects (0ms)
		CreateAndSetChildDomain (221ms)
	RebuildCommonClasses (95ms)
	RebuildNativeTypeToScriptingClass (39ms)
	initialDomainReloadingComplete (89ms)
	LoadAllAssembliesAndSetupDomain (1374ms)
		LoadAssemblies (1134ms)
		RebuildTransferFunctionScriptingTraits (0ms)
		AnalyzeDomain (514ms)
			TypeCache.Refresh (24ms)
				TypeCache.ScanAssembly (1ms)
			BuildScriptInfoCaches (447ms)
			ResolveRequiredComponents (33ms)
	FinalizeReload (1909ms)
		ReleaseScriptCaches (0ms)
		RebuildScriptCaches (0ms)
		SetupLoadedEditorAssemblies (1479ms)
			LogAssemblyErrors (0ms)
			InitializePlatformSupportModulesInManaged (4ms)
			SetLoadedEditorAssemblies (9ms)
			BeforeProcessingInitializeOnLoad (385ms)
			ProcessInitializeOnLoadAttributes (924ms)
			ProcessInitializeOnLoadMethodAttributes (134ms)
			AfterProcessingInitializeOnLoad (22ms)
			EditorAssembliesLoaded (1ms)
		ExecutionOrderSort2 (0ms)
		AwakeInstancesAfterBackupRestoration (35ms)
Refreshing native plugins compatible for Editor in 2.28 ms, found 3 plugins.
Preloading 0 native plugins for Editor in 0.00 ms.
Unloading 26 Unused Serialized files (Serialized files now loaded: 0)
Unloading 6681 unused Assets / (6.7 MB). Loaded Objects now: 7470.
Memory consumption went from 154.6 MB to 147.9 MB.
Total: 15.853600 ms (FindLiveObjects: 1.130400 ms CreateObjectMapping: 1.104400 ms MarkObjects: 8.609100 ms  DeleteObjects: 5.007300 ms)

Prepare: number of updated asset objects reloaded= 0
========================================================================
Received Import Request.
  Time since last request: 260.594738 seconds.
  path: Assets/_3DStealthGame/Prefabs/Characters
  artifactKey: Guid(69b626bf1e193764cbc78db3e97fc310) Importer(815301076,1909f56bfc062723c751e8b465ee728b)
Start importing Assets/_3DStealthGame/Prefabs/Characters using Guid(69b626bf1e193764cbc78db3e97fc310) Importer(815301076,1909f56bfc062723c751e8b465ee728b) (PreviewImporter) -> (artifact id: 'bfa76f41999370cf008fec8a4c599c69') in 0.0783972 seconds
Number of updated asset objects reloaded before import = 0Number of asset objects unloaded after import = 0

========================================================================
Received Import Request.
  Time since last request: 0.000028 seconds.
  path: Assets/_3DStealthGame/Prefabs/Characters/Ghost.prefab
  artifactKey: Guid(e0c7d2a2f3f76864aa062761c5c32ede) Importer(815301076,1909f56bfc062723c751e8b465ee728b)
Start importing Assets/_3DStealthGame/Prefabs/Characters/Ghost.prefab using Guid(e0c7d2a2f3f76864aa062761c5c32ede) Importer(815301076,1909f56bfc062723c751e8b465ee728b) (PreviewImporter) -> (artifact id: '77548b5dc5af2a923e1d29a6b7683c70') in 1.0983835 seconds
Number of updated asset objects reloaded before import = 0Number of asset objects unloaded after import = 127

Editor requested this worker to shutdown with reason: Scaling down because of idle timeout
AssetImportWorker is now disconnected from the server
Process exiting
Exiting without the bug reporter. Application will terminate with return code 0